D:\IT\WEBINTRO\NPM.CMD:1
:: Created by npm, please don't edit manually.
^

SyntaxError: Unexpected token ':'
    at wrapSafe (internal/modules/cjs/loader.js:1101:16)
    at Module._compile (internal/modules/cjs/loader.js:1149:27)
    at Object.Module._extensions..js (internal/modules/cjs/loader.js:1205:10)
    at Module.load (internal/modules/cjs/loader.js:1034:32)
    at Function.Module._load (internal/modules/cjs/loader.js:923:14)
    at C:\Users\lenovo\AppData\Roaming\npm\node_modules\pm2\lib\ProcessContainer.js:301:25
    at wrapper (C:\Users\lenovo\AppData\Roaming\npm\node_modules\pm2\node_modules\async\internal\once.js:12:16)
    at next (C:\Users\lenovo\AppData\Roaming\npm\node_modules\pm2\node_modules\async\waterfall.js:96:20)
    at C:\Users\lenovo\AppData\Roaming\npm\node_modules\pm2\node_modules\async\internal\onlyOnce.js:12:16
    at WriteStream.<anonymous> (C:\Users\lenovo\AppData\Roaming\npm\node_modules\pm2\lib\Utility.js:186:13)
D:\IT\WEBINTRO\NPM.CMD:1
:: Created by npm, please don't edit manually.
^

SyntaxError: Unexpected token ':'
    at wrapSafe (internal/modules/cjs/loader.js:1101:16)
    at Module._compile (internal/modules/cjs/loader.js:1149:27)
    at Object.Module._extensions..js (internal/modules/cjs/loader.js:1205:10)
    at Module.load (internal/modules/cjs/loader.js:1034:32)
    at Function.Module._load (internal/modules/cjs/loader.js:923:14)
    at C:\Users\lenovo\AppData\Roaming\npm\node_modules\pm2\lib\ProcessContainer.js:301:25
    at wrapper (C:\Users\lenovo\AppData\Roaming\npm\node_modules\pm2\node_modules\async\internal\once.js:12:16)
    at next (C:\Users\lenovo\AppData\Roaming\npm\node_modules\pm2\node_modules\async\waterfall.js:96:20)
    at C:\Users\lenovo\AppData\Roaming\npm\node_modules\pm2\node_modules\async\internal\onlyOnce.js:12:16
    at WriteStream.<anonymous> (C:\Users\lenovo\AppData\Roaming\npm\node_modules\pm2\lib\Utility.js:186:13)
D:\IT\WEBINTRO\NPM.CMD:1
:: Created by npm, please don't edit manually.
^

SyntaxError: Unexpected token ':'
    at wrapSafe (internal/modules/cjs/loader.js:1101:16)
    at Module._compile (internal/modules/cjs/loader.js:1149:27)
    at Object.Module._extensions..js (internal/modules/cjs/loader.js:1205:10)
    at Module.load (internal/modules/cjs/loader.js:1034:32)
    at Function.Module._load (internal/modules/cjs/loader.js:923:14)
    at C:\Users\lenovo\AppData\Roaming\npm\node_modules\pm2\lib\ProcessContainer.js:301:25
    at wrapper (C:\Users\lenovo\AppData\Roaming\npm\node_modules\pm2\node_modules\async\internal\once.js:12:16)
    at next (C:\Users\lenovo\AppData\Roaming\npm\node_modules\pm2\node_modules\async\waterfall.js:96:20)
    at C:\Users\lenovo\AppData\Roaming\npm\node_modules\pm2\node_modules\async\internal\onlyOnce.js:12:16
    at WriteStream.<anonymous> (C:\Users\lenovo\AppData\Roaming\npm\node_modules\pm2\lib\Utility.js:186:13)
D:\IT\WEBINTRO\NPM.CMD:1
:: Created by npm, please don't edit manually.
^

SyntaxError: Unexpected token ':'
    at wrapSafe (internal/modules/cjs/loader.js:1101:16)
    at Module._compile (internal/modules/cjs/loader.js:1149:27)
    at Object.Module._extensions..js (internal/modules/cjs/loader.js:1205:10)
    at Module.load (internal/modules/cjs/loader.js:1034:32)
    at Function.Module._load (internal/modules/cjs/loader.js:923:14)
    at C:\Users\lenovo\AppData\Roaming\npm\node_modules\pm2\lib\ProcessContainer.js:301:25
    at wrapper (C:\Users\lenovo\AppData\Roaming\npm\node_modules\pm2\node_modules\async\internal\once.js:12:16)
    at next (C:\Users\lenovo\AppData\Roaming\npm\node_modules\pm2\node_modules\async\waterfall.js:96:20)
    at C:\Users\lenovo\AppData\Roaming\npm\node_modules\pm2\node_modules\async\internal\onlyOnce.js:12:16
    at WriteStream.<anonymous> (C:\Users\lenovo\AppData\Roaming\npm\node_modules\pm2\lib\Utility.js:186:13)
D:\IT\WEBINTRO\NPM.CMD:1
:: Created by npm, please don't edit manually.
^

SyntaxError: Unexpected token ':'
    at wrapSafe (internal/modules/cjs/loader.js:1101:16)
    at Module._compile (internal/modules/cjs/loader.js:1149:27)
    at Object.Module._extensions..js (internal/modules/cjs/loader.js:1205:10)
    at Module.load (internal/modules/cjs/loader.js:1034:32)
    at Function.Module._load (internal/modules/cjs/loader.js:923:14)
    at C:\Users\lenovo\AppData\Roaming\npm\node_modules\pm2\lib\ProcessContainer.js:301:25
    at wrapper (C:\Users\lenovo\AppData\Roaming\npm\node_modules\pm2\node_modules\async\internal\once.js:12:16)
    at next (C:\Users\lenovo\AppData\Roaming\npm\node_modules\pm2\node_modules\async\waterfall.js:96:20)
    at C:\Users\lenovo\AppData\Roaming\npm\node_modules\pm2\node_modules\async\internal\onlyOnce.js:12:16
    at WriteStream.<anonymous> (C:\Users\lenovo\AppData\Roaming\npm\node_modules\pm2\lib\Utility.js:186:13)
D:\IT\WEBINTRO\NPM.CMD:1
:: Created by npm, please don't edit manually.
^

SyntaxError: Unexpected token ':'
    at wrapSafe (internal/modules/cjs/loader.js:1101:16)
    at Module._compile (internal/modules/cjs/loader.js:1149:27)
    at Object.Module._extensions..js (internal/modules/cjs/loader.js:1205:10)
    at Module.load (internal/modules/cjs/loader.js:1034:32)
    at Function.Module._load (internal/modules/cjs/loader.js:923:14)
    at C:\Users\lenovo\AppData\Roaming\npm\node_modules\pm2\lib\ProcessContainer.js:301:25
    at wrapper (C:\Users\lenovo\AppData\Roaming\npm\node_modules\pm2\node_modules\async\internal\once.js:12:16)
    at next (C:\Users\lenovo\AppData\Roaming\npm\node_modules\pm2\node_modules\async\waterfall.js:96:20)
    at C:\Users\lenovo\AppData\Roaming\npm\node_modules\pm2\node_modules\async\internal\onlyOnce.js:12:16
    at WriteStream.<anonymous> (C:\Users\lenovo\AppData\Roaming\npm\node_modules\pm2\lib\Utility.js:186:13)
D:\IT\WEBINTRO\NPM.CMD:1
:: Created by npm, please don't edit manually.
^

SyntaxError: Unexpected token ':'
    at wrapSafe (internal/modules/cjs/loader.js:1101:16)
    at Module._compile (internal/modules/cjs/loader.js:1149:27)
    at Object.Module._extensions..js (internal/modules/cjs/loader.js:1205:10)
    at Module.load (internal/modules/cjs/loader.js:1034:32)
    at Function.Module._load (internal/modules/cjs/loader.js:923:14)
    at C:\Users\lenovo\AppData\Roaming\npm\node_modules\pm2\lib\ProcessContainer.js:301:25
    at wrapper (C:\Users\lenovo\AppData\Roaming\npm\node_modules\pm2\node_modules\async\internal\once.js:12:16)
    at next (C:\Users\lenovo\AppData\Roaming\npm\node_modules\pm2\node_modules\async\waterfall.js:96:20)
    at C:\Users\lenovo\AppData\Roaming\npm\node_modules\pm2\node_modules\async\internal\onlyOnce.js:12:16
    at WriteStream.<anonymous> (C:\Users\lenovo\AppData\Roaming\npm\node_modules\pm2\lib\Utility.js:186:13)
D:\IT\WEBINTRO\NPM.CMD:1
:: Created by npm, please don't edit manually.
^

SyntaxError: Unexpected token ':'
    at wrapSafe (internal/modules/cjs/loader.js:1101:16)
    at Module._compile (internal/modules/cjs/loader.js:1149:27)
    at Object.Module._extensions..js (internal/modules/cjs/loader.js:1205:10)
    at Module.load (internal/modules/cjs/loader.js:1034:32)
    at Function.Module._load (internal/modules/cjs/loader.js:923:14)
    at C:\Users\lenovo\AppData\Roaming\npm\node_modules\pm2\lib\ProcessContainer.js:301:25
    at wrapper (C:\Users\lenovo\AppData\Roaming\npm\node_modules\pm2\node_modules\async\internal\once.js:12:16)
    at next (C:\Users\lenovo\AppData\Roaming\npm\node_modules\pm2\node_modules\async\waterfall.js:96:20)
    at C:\Users\lenovo\AppData\Roaming\npm\node_modules\pm2\node_modules\async\internal\onlyOnce.js:12:16
    at WriteStream.<anonymous> (C:\Users\lenovo\AppData\Roaming\npm\node_modules\pm2\lib\Utility.js:186:13)
D:\IT\WEBINTRO\NPM.CMD:1
:: Created by npm, please don't edit manually.
^

SyntaxError: Unexpected token ':'
    at wrapSafe (internal/modules/cjs/loader.js:1101:16)
    at Module._compile (internal/modules/cjs/loader.js:1149:27)
    at Object.Module._extensions..js (internal/modules/cjs/loader.js:1205:10)
    at Module.load (internal/modules/cjs/loader.js:1034:32)
    at Function.Module._load (internal/modules/cjs/loader.js:923:14)
    at C:\Users\lenovo\AppData\Roaming\npm\node_modules\pm2\lib\ProcessContainer.js:301:25
    at wrapper (C:\Users\lenovo\AppData\Roaming\npm\node_modules\pm2\node_modules\async\internal\once.js:12:16)
    at next (C:\Users\lenovo\AppData\Roaming\npm\node_modules\pm2\node_modules\async\waterfall.js:96:20)
    at C:\Users\lenovo\AppData\Roaming\npm\node_modules\pm2\node_modules\async\internal\onlyOnce.js:12:16
    at WriteStream.<anonymous> (C:\Users\lenovo\AppData\Roaming\npm\node_modules\pm2\lib\Utility.js:186:13)
D:\IT\WEBINTRO\NPM.CMD:1
:: Created by npm, please don't edit manually.
^

SyntaxError: Unexpected token ':'
    at wrapSafe (internal/modules/cjs/loader.js:1101:16)
    at Module._compile (internal/modules/cjs/loader.js:1149:27)
    at Object.Module._extensions..js (internal/modules/cjs/loader.js:1205:10)
    at Module.load (internal/modules/cjs/loader.js:1034:32)
    at Function.Module._load (internal/modules/cjs/loader.js:923:14)
    at C:\Users\lenovo\AppData\Roaming\npm\node_modules\pm2\lib\ProcessContainer.js:301:25
    at wrapper (C:\Users\lenovo\AppData\Roaming\npm\node_modules\pm2\node_modules\async\internal\once.js:12:16)
    at next (C:\Users\lenovo\AppData\Roaming\npm\node_modules\pm2\node_modules\async\waterfall.js:96:20)
    at C:\Users\lenovo\AppData\Roaming\npm\node_modules\pm2\node_modules\async\internal\onlyOnce.js:12:16
    at WriteStream.<anonymous> (C:\Users\lenovo\AppData\Roaming\npm\node_modules\pm2\lib\Utility.js:186:13)
D:\IT\WEBINTRO\NPM.CMD:1
:: Created by npm, please don't edit manually.
^

SyntaxError: Unexpected token ':'
    at wrapSafe (internal/modules/cjs/loader.js:1101:16)
    at Module._compile (internal/modules/cjs/loader.js:1149:27)
    at Object.Module._extensions..js (internal/modules/cjs/loader.js:1205:10)
    at Module.load (internal/modules/cjs/loader.js:1034:32)
    at Function.Module._load (internal/modules/cjs/loader.js:923:14)
    at C:\Users\lenovo\AppData\Roaming\npm\node_modules\pm2\lib\ProcessContainer.js:301:25
    at wrapper (C:\Users\lenovo\AppData\Roaming\npm\node_modules\pm2\node_modules\async\internal\once.js:12:16)
    at next (C:\Users\lenovo\AppData\Roaming\npm\node_modules\pm2\node_modules\async\waterfall.js:96:20)
    at C:\Users\lenovo\AppData\Roaming\npm\node_modules\pm2\node_modules\async\internal\onlyOnce.js:12:16
    at WriteStream.<anonymous> (C:\Users\lenovo\AppData\Roaming\npm\node_modules\pm2\lib\Utility.js:186:13)
D:\IT\WEBINTRO\NPM.CMD:1
:: Created by npm, please don't edit manually.
^

SyntaxError: Unexpected token ':'
    at wrapSafe (internal/modules/cjs/loader.js:1101:16)
    at Module._compile (internal/modules/cjs/loader.js:1149:27)
    at Object.Module._extensions..js (internal/modules/cjs/loader.js:1205:10)
    at Module.load (internal/modules/cjs/loader.js:1034:32)
    at Function.Module._load (internal/modules/cjs/loader.js:923:14)
    at C:\Users\lenovo\AppData\Roaming\npm\node_modules\pm2\lib\ProcessContainer.js:301:25
    at wrapper (C:\Users\lenovo\AppData\Roaming\npm\node_modules\pm2\node_modules\async\internal\once.js:12:16)
    at next (C:\Users\lenovo\AppData\Roaming\npm\node_modules\pm2\node_modules\async\waterfall.js:96:20)
    at C:\Users\lenovo\AppData\Roaming\npm\node_modules\pm2\node_modules\async\internal\onlyOnce.js:12:16
    at WriteStream.<anonymous> (C:\Users\lenovo\AppData\Roaming\npm\node_modules\pm2\lib\Utility.js:186:13)
D:\IT\WEBINTRO\NPM.CMD:1
:: Created by npm, please don't edit manually.
^

SyntaxError: Unexpected token ':'
    at wrapSafe (internal/modules/cjs/loader.js:1101:16)
    at Module._compile (internal/modules/cjs/loader.js:1149:27)
    at Object.Module._extensions..js (internal/modules/cjs/loader.js:1205:10)
    at Module.load (internal/modules/cjs/loader.js:1034:32)
    at Function.Module._load (internal/modules/cjs/loader.js:923:14)
    at C:\Users\lenovo\AppData\Roaming\npm\node_modules\pm2\lib\ProcessContainer.js:301:25
    at wrapper (C:\Users\lenovo\AppData\Roaming\npm\node_modules\pm2\node_modules\async\internal\once.js:12:16)
    at next (C:\Users\lenovo\AppData\Roaming\npm\node_modules\pm2\node_modules\async\waterfall.js:96:20)
    at C:\Users\lenovo\AppData\Roaming\npm\node_modules\pm2\node_modules\async\internal\onlyOnce.js:12:16
    at WriteStream.<anonymous> (C:\Users\lenovo\AppData\Roaming\npm\node_modules\pm2\lib\Utility.js:186:13)
D:\IT\WEBINTRO\NPM.CMD:1
:: Created by npm, please don't edit manually.
^

SyntaxError: Unexpected token ':'
    at wrapSafe (internal/modules/cjs/loader.js:1101:16)
    at Module._compile (internal/modules/cjs/loader.js:1149:27)
    at Object.Module._extensions..js (internal/modules/cjs/loader.js:1205:10)
    at Module.load (internal/modules/cjs/loader.js:1034:32)
    at Function.Module._load (internal/modules/cjs/loader.js:923:14)
    at C:\Users\lenovo\AppData\Roaming\npm\node_modules\pm2\lib\ProcessContainer.js:301:25
    at wrapper (C:\Users\lenovo\AppData\Roaming\npm\node_modules\pm2\node_modules\async\internal\once.js:12:16)
    at next (C:\Users\lenovo\AppData\Roaming\npm\node_modules\pm2\node_modules\async\waterfall.js:96:20)
    at C:\Users\lenovo\AppData\Roaming\npm\node_modules\pm2\node_modules\async\internal\onlyOnce.js:12:16
    at WriteStream.<anonymous> (C:\Users\lenovo\AppData\Roaming\npm\node_modules\pm2\lib\Utility.js:186:13)
D:\IT\WEBINTRO\NPM.CMD:1
:: Created by npm, please don't edit manually.
^

SyntaxError: Unexpected token ':'
    at wrapSafe (internal/modules/cjs/loader.js:1101:16)
    at Module._compile (internal/modules/cjs/loader.js:1149:27)
    at Object.Module._extensions..js (internal/modules/cjs/loader.js:1205:10)
    at Module.load (internal/modules/cjs/loader.js:1034:32)
    at Function.Module._load (internal/modules/cjs/loader.js:923:14)
    at C:\Users\lenovo\AppData\Roaming\npm\node_modules\pm2\lib\ProcessContainer.js:301:25
    at wrapper (C:\Users\lenovo\AppData\Roaming\npm\node_modules\pm2\node_modules\async\internal\once.js:12:16)
    at next (C:\Users\lenovo\AppData\Roaming\npm\node_modules\pm2\node_modules\async\waterfall.js:96:20)
    at C:\Users\lenovo\AppData\Roaming\npm\node_modules\pm2\node_modules\async\internal\onlyOnce.js:12:16
    at WriteStream.<anonymous> (C:\Users\lenovo\AppData\Roaming\npm\node_modules\pm2\lib\Utility.js:186:13)
D:\IT\WEBINTRO\NPM.CMD:1
:: Created by npm, please don't edit manually.
^

SyntaxError: Unexpected token ':'
    at wrapSafe (internal/modules/cjs/loader.js:1101:16)
    at Module._compile (internal/modules/cjs/loader.js:1149:27)
    at Object.Module._extensions..js (internal/modules/cjs/loader.js:1205:10)
    at Module.load (internal/modules/cjs/loader.js:1034:32)
    at Function.Module._load (internal/modules/cjs/loader.js:923:14)
    at C:\Users\lenovo\AppData\Roaming\npm\node_modules\pm2\lib\ProcessContainer.js:301:25
    at wrapper (C:\Users\lenovo\AppData\Roaming\npm\node_modules\pm2\node_modules\async\internal\once.js:12:16)
    at next (C:\Users\lenovo\AppData\Roaming\npm\node_modules\pm2\node_modules\async\waterfall.js:96:20)
    at C:\Users\lenovo\AppData\Roaming\npm\node_modules\pm2\node_modules\async\internal\onlyOnce.js:12:16
    at WriteStream.<anonymous> (C:\Users\lenovo\AppData\Roaming\npm\node_modules\pm2\lib\Utility.js:186:13)
D:\IT\WEBINTRO\NPM.CMD:1
:: Created by npm, please don't edit manually.
^

SyntaxError: Unexpected token ':'
    at wrapSafe (internal/modules/cjs/loader.js:1101:16)
    at Module._compile (internal/modules/cjs/loader.js:1149:27)
    at Object.Module._extensions..js (internal/modules/cjs/loader.js:1205:10)
    at Module.load (internal/modules/cjs/loader.js:1034:32)
    at Function.Module._load (internal/modules/cjs/loader.js:923:14)
    at C:\Users\lenovo\AppData\Roaming\npm\node_modules\pm2\lib\ProcessContainer.js:301:25
    at wrapper (C:\Users\lenovo\AppData\Roaming\npm\node_modules\pm2\node_modules\async\internal\once.js:12:16)
    at next (C:\Users\lenovo\AppData\Roaming\npm\node_modules\pm2\node_modules\async\waterfall.js:96:20)
    at C:\Users\lenovo\AppData\Roaming\npm\node_modules\pm2\node_modules\async\internal\onlyOnce.js:12:16
    at WriteStream.<anonymous> (C:\Users\lenovo\AppData\Roaming\npm\node_modules\pm2\lib\Utility.js:186:13)
D:\IT\WEBINTRO\NPM.CMD:1
:: Created by npm, please don't edit manually.
^

SyntaxError: Unexpected token ':'
    at wrapSafe (internal/modules/cjs/loader.js:1101:16)
    at Module._compile (internal/modules/cjs/loader.js:1149:27)
    at Object.Module._extensions..js (internal/modules/cjs/loader.js:1205:10)
    at Module.load (internal/modules/cjs/loader.js:1034:32)
    at Function.Module._load (internal/modules/cjs/loader.js:923:14)
    at C:\Users\lenovo\AppData\Roaming\npm\node_modules\pm2\lib\ProcessContainer.js:301:25
    at wrapper (C:\Users\lenovo\AppData\Roaming\npm\node_modules\pm2\node_modules\async\internal\once.js:12:16)
    at next (C:\Users\lenovo\AppData\Roaming\npm\node_modules\pm2\node_modules\async\waterfall.js:96:20)
    at C:\Users\lenovo\AppData\Roaming\npm\node_modules\pm2\node_modules\async\internal\onlyOnce.js:12:16
    at WriteStream.<anonymous> (C:\Users\lenovo\AppData\Roaming\npm\node_modules\pm2\lib\Utility.js:186:13)
D:\IT\WEBINTRO\NPM.CMD:1
:: Created by npm, please don't edit manually.
^

SyntaxError: Unexpected token ':'
    at wrapSafe (internal/modules/cjs/loader.js:1101:16)
    at Module._compile (internal/modules/cjs/loader.js:1149:27)
    at Object.Module._extensions..js (internal/modules/cjs/loader.js:1205:10)
    at Module.load (internal/modules/cjs/loader.js:1034:32)
    at Function.Module._load (internal/modules/cjs/loader.js:923:14)
    at C:\Users\lenovo\AppData\Roaming\npm\node_modules\pm2\lib\ProcessContainer.js:301:25
    at wrapper (C:\Users\lenovo\AppData\Roaming\npm\node_modules\pm2\node_modules\async\internal\once.js:12:16)
    at next (C:\Users\lenovo\AppData\Roaming\npm\node_modules\pm2\node_modules\async\waterfall.js:96:20)
    at C:\Users\lenovo\AppData\Roaming\npm\node_modules\pm2\node_modules\async\internal\onlyOnce.js:12:16
    at WriteStream.<anonymous> (C:\Users\lenovo\AppData\Roaming\npm\node_modules\pm2\lib\Utility.js:186:13)
D:\IT\WEBINTRO\NPM.CMD:1
:: Created by npm, please don't edit manually.
^

SyntaxError: Unexpected token ':'
    at wrapSafe (internal/modules/cjs/loader.js:1101:16)
    at Module._compile (internal/modules/cjs/loader.js:1149:27)
    at Object.Module._extensions..js (internal/modules/cjs/loader.js:1205:10)
    at Module.load (internal/modules/cjs/loader.js:1034:32)
    at Function.Module._load (internal/modules/cjs/loader.js:923:14)
    at C:\Users\lenovo\AppData\Roaming\npm\node_modules\pm2\lib\ProcessContainer.js:301:25
    at wrapper (C:\Users\lenovo\AppData\Roaming\npm\node_modules\pm2\node_modules\async\internal\once.js:12:16)
    at next (C:\Users\lenovo\AppData\Roaming\npm\node_modules\pm2\node_modules\async\waterfall.js:96:20)
    at C:\Users\lenovo\AppData\Roaming\npm\node_modules\pm2\node_modules\async\internal\onlyOnce.js:12:16
    at WriteStream.<anonymous> (C:\Users\lenovo\AppData\Roaming\npm\node_modules\pm2\lib\Utility.js:186:13)
D:\IT\WEBINTRO\NPM.CMD:1
:: Created by npm, please don't edit manually.
^

SyntaxError: Unexpected token ':'
    at wrapSafe (internal/modules/cjs/loader.js:1101:16)
    at Module._compile (internal/modules/cjs/loader.js:1149:27)
    at Object.Module._extensions..js (internal/modules/cjs/loader.js:1205:10)
    at Module.load (internal/modules/cjs/loader.js:1034:32)
    at Function.Module._load (internal/modules/cjs/loader.js:923:14)
    at C:\Users\lenovo\AppData\Roaming\npm\node_modules\pm2\lib\ProcessContainer.js:301:25
    at wrapper (C:\Users\lenovo\AppData\Roaming\npm\node_modules\pm2\node_modules\async\internal\once.js:12:16)
    at next (C:\Users\lenovo\AppData\Roaming\npm\node_modules\pm2\node_modules\async\waterfall.js:96:20)
    at C:\Users\lenovo\AppData\Roaming\npm\node_modules\pm2\node_modules\async\internal\onlyOnce.js:12:16
    at WriteStream.<anonymous> (C:\Users\lenovo\AppData\Roaming\npm\node_modules\pm2\lib\Utility.js:186:13)
D:\IT\WEBINTRO\NPM.CMD:1
:: Created by npm, please don't edit manually.
^

SyntaxError: Unexpected token ':'
    at wrapSafe (internal/modules/cjs/loader.js:1101:16)
    at Module._compile (internal/modules/cjs/loader.js:1149:27)
    at Object.Module._extensions..js (internal/modules/cjs/loader.js:1205:10)
    at Module.load (internal/modules/cjs/loader.js:1034:32)
    at Function.Module._load (internal/modules/cjs/loader.js:923:14)
    at C:\Users\lenovo\AppData\Roaming\npm\node_modules\pm2\lib\ProcessContainer.js:301:25
    at wrapper (C:\Users\lenovo\AppData\Roaming\npm\node_modules\pm2\node_modules\async\internal\once.js:12:16)
    at next (C:\Users\lenovo\AppData\Roaming\npm\node_modules\pm2\node_modules\async\waterfall.js:96:20)
    at C:\Users\lenovo\AppData\Roaming\npm\node_modules\pm2\node_modules\async\internal\onlyOnce.js:12:16
    at WriteStream.<anonymous> (C:\Users\lenovo\AppData\Roaming\npm\node_modules\pm2\lib\Utility.js:186:13)
D:\IT\WEBINTRO\NPM.CMD:1
:: Created by npm, please don't edit manually.
^

SyntaxError: Unexpected token ':'
    at wrapSafe (internal/modules/cjs/loader.js:1101:16)
    at Module._compile (internal/modules/cjs/loader.js:1149:27)
    at Object.Module._extensions..js (internal/modules/cjs/loader.js:1205:10)
    at Module.load (internal/modules/cjs/loader.js:1034:32)
    at Function.Module._load (internal/modules/cjs/loader.js:923:14)
    at C:\Users\lenovo\AppData\Roaming\npm\node_modules\pm2\lib\ProcessContainer.js:301:25
    at wrapper (C:\Users\lenovo\AppData\Roaming\npm\node_modules\pm2\node_modules\async\internal\once.js:12:16)
    at next (C:\Users\lenovo\AppData\Roaming\npm\node_modules\pm2\node_modules\async\waterfall.js:96:20)
    at C:\Users\lenovo\AppData\Roaming\npm\node_modules\pm2\node_modules\async\internal\onlyOnce.js:12:16
    at WriteStream.<anonymous> (C:\Users\lenovo\AppData\Roaming\npm\node_modules\pm2\lib\Utility.js:186:13)
D:\IT\WEBINTRO\NPM.CMD:1
:: Created by npm, please don't edit manually.
^

SyntaxError: Unexpected token ':'
    at wrapSafe (internal/modules/cjs/loader.js:1101:16)
    at Module._compile (internal/modules/cjs/loader.js:1149:27)
    at Object.Module._extensions..js (internal/modules/cjs/loader.js:1205:10)
    at Module.load (internal/modules/cjs/loader.js:1034:32)
    at Function.Module._load (internal/modules/cjs/loader.js:923:14)
    at C:\Users\lenovo\AppData\Roaming\npm\node_modules\pm2\lib\ProcessContainer.js:301:25
    at wrapper (C:\Users\lenovo\AppData\Roaming\npm\node_modules\pm2\node_modules\async\internal\once.js:12:16)
    at next (C:\Users\lenovo\AppData\Roaming\npm\node_modules\pm2\node_modules\async\waterfall.js:96:20)
    at C:\Users\lenovo\AppData\Roaming\npm\node_modules\pm2\node_modules\async\internal\onlyOnce.js:12:16
    at WriteStream.<anonymous> (C:\Users\lenovo\AppData\Roaming\npm\node_modules\pm2\lib\Utility.js:186:13)
D:\IT\WEBINTRO\NPM.CMD:1
:: Created by npm, please don't edit manually.
^

SyntaxError: Unexpected token ':'
    at wrapSafe (internal/modules/cjs/loader.js:1101:16)
    at Module._compile (internal/modules/cjs/loader.js:1149:27)
    at Object.Module._extensions..js (internal/modules/cjs/loader.js:1205:10)
    at Module.load (internal/modules/cjs/loader.js:1034:32)
    at Function.Module._load (internal/modules/cjs/loader.js:923:14)
    at C:\Users\lenovo\AppData\Roaming\npm\node_modules\pm2\lib\ProcessContainer.js:301:25
    at wrapper (C:\Users\lenovo\AppData\Roaming\npm\node_modules\pm2\node_modules\async\internal\once.js:12:16)
    at next (C:\Users\lenovo\AppData\Roaming\npm\node_modules\pm2\node_modules\async\waterfall.js:96:20)
    at C:\Users\lenovo\AppData\Roaming\npm\node_modules\pm2\node_modules\async\internal\onlyOnce.js:12:16
    at WriteStream.<anonymous> (C:\Users\lenovo\AppData\Roaming\npm\node_modules\pm2\lib\Utility.js:186:13)
D:\IT\WEBINTRO\NPM.CMD:1
:: Created by npm, please don't edit manually.
^

SyntaxError: Unexpected token ':'
    at wrapSafe (internal/modules/cjs/loader.js:1101:16)
    at Module._compile (internal/modules/cjs/loader.js:1149:27)
    at Object.Module._extensions..js (internal/modules/cjs/loader.js:1205:10)
    at Module.load (internal/modules/cjs/loader.js:1034:32)
    at Function.Module._load (internal/modules/cjs/loader.js:923:14)
    at C:\Users\lenovo\AppData\Roaming\npm\node_modules\pm2\lib\ProcessContainer.js:301:25
    at wrapper (C:\Users\lenovo\AppData\Roaming\npm\node_modules\pm2\node_modules\async\internal\once.js:12:16)
    at next (C:\Users\lenovo\AppData\Roaming\npm\node_modules\pm2\node_modules\async\waterfall.js:96:20)
    at C:\Users\lenovo\AppData\Roaming\npm\node_modules\pm2\node_modules\async\internal\onlyOnce.js:12:16
    at WriteStream.<anonymous> (C:\Users\lenovo\AppData\Roaming\npm\node_modules\pm2\lib\Utility.js:186:13)
D:\IT\WEBINTRO\NPM.CMD:1
:: Created by npm, please don't edit manually.
^

SyntaxError: Unexpected token ':'
    at wrapSafe (internal/modules/cjs/loader.js:1101:16)
    at Module._compile (internal/modules/cjs/loader.js:1149:27)
    at Object.Module._extensions..js (internal/modules/cjs/loader.js:1205:10)
    at Module.load (internal/modules/cjs/loader.js:1034:32)
    at Function.Module._load (internal/modules/cjs/loader.js:923:14)
    at C:\Users\lenovo\AppData\Roaming\npm\node_modules\pm2\lib\ProcessContainer.js:301:25
    at wrapper (C:\Users\lenovo\AppData\Roaming\npm\node_modules\pm2\node_modules\async\internal\once.js:12:16)
    at next (C:\Users\lenovo\AppData\Roaming\npm\node_modules\pm2\node_modules\async\waterfall.js:96:20)
    at C:\Users\lenovo\AppData\Roaming\npm\node_modules\pm2\node_modules\async\internal\onlyOnce.js:12:16
    at WriteStream.<anonymous> (C:\Users\lenovo\AppData\Roaming\npm\node_modules\pm2\lib\Utility.js:186:13)
D:\IT\WEBINTRO\NPM.CMD:1
:: Created by npm, please don't edit manually.
^

SyntaxError: Unexpected token ':'
    at wrapSafe (internal/modules/cjs/loader.js:1101:16)
    at Module._compile (internal/modules/cjs/loader.js:1149:27)
    at Object.Module._extensions..js (internal/modules/cjs/loader.js:1205:10)
    at Module.load (internal/modules/cjs/loader.js:1034:32)
    at Function.Module._load (internal/modules/cjs/loader.js:923:14)
    at C:\Users\lenovo\AppData\Roaming\npm\node_modules\pm2\lib\ProcessContainer.js:301:25
    at wrapper (C:\Users\lenovo\AppData\Roaming\npm\node_modules\pm2\node_modules\async\internal\once.js:12:16)
    at next (C:\Users\lenovo\AppData\Roaming\npm\node_modules\pm2\node_modules\async\waterfall.js:96:20)
    at C:\Users\lenovo\AppData\Roaming\npm\node_modules\pm2\node_modules\async\internal\onlyOnce.js:12:16
    at WriteStream.<anonymous> (C:\Users\lenovo\AppData\Roaming\npm\node_modules\pm2\lib\Utility.js:186:13)
D:\IT\WEBINTRO\NPM.CMD:1
:: Created by npm, please don't edit manually.
^

SyntaxError: Unexpected token ':'
    at wrapSafe (internal/modules/cjs/loader.js:1101:16)
    at Module._compile (internal/modules/cjs/loader.js:1149:27)
    at Object.Module._extensions..js (internal/modules/cjs/loader.js:1205:10)
    at Module.load (internal/modules/cjs/loader.js:1034:32)
    at Function.Module._load (internal/modules/cjs/loader.js:923:14)
    at C:\Users\lenovo\AppData\Roaming\npm\node_modules\pm2\lib\ProcessContainer.js:301:25
    at wrapper (C:\Users\lenovo\AppData\Roaming\npm\node_modules\pm2\node_modules\async\internal\once.js:12:16)
    at next (C:\Users\lenovo\AppData\Roaming\npm\node_modules\pm2\node_modules\async\waterfall.js:96:20)
    at C:\Users\lenovo\AppData\Roaming\npm\node_modules\pm2\node_modules\async\internal\onlyOnce.js:12:16
    at WriteStream.<anonymous> (C:\Users\lenovo\AppData\Roaming\npm\node_modules\pm2\lib\Utility.js:186:13)
D:\IT\WEBINTRO\NPM.CMD:1
:: Created by npm, please don't edit manually.
^

SyntaxError: Unexpected token ':'
    at wrapSafe (internal/modules/cjs/loader.js:1101:16)
    at Module._compile (internal/modules/cjs/loader.js:1149:27)
    at Object.Module._extensions..js (internal/modules/cjs/loader.js:1205:10)
    at Module.load (internal/modules/cjs/loader.js:1034:32)
    at Function.Module._load (internal/modules/cjs/loader.js:923:14)
    at C:\Users\lenovo\AppData\Roaming\npm\node_modules\pm2\lib\ProcessContainer.js:301:25
    at wrapper (C:\Users\lenovo\AppData\Roaming\npm\node_modules\pm2\node_modules\async\internal\once.js:12:16)
    at next (C:\Users\lenovo\AppData\Roaming\npm\node_modules\pm2\node_modules\async\waterfall.js:96:20)
    at C:\Users\lenovo\AppData\Roaming\npm\node_modules\pm2\node_modules\async\internal\onlyOnce.js:12:16
    at WriteStream.<anonymous> (C:\Users\lenovo\AppData\Roaming\npm\node_modules\pm2\lib\Utility.js:186:13)
D:\IT\WEBINTRO\NPM.CMD:1
:: Created by npm, please don't edit manually.
^

SyntaxError: Unexpected token ':'
    at wrapSafe (internal/modules/cjs/loader.js:1101:16)
    at Module._compile (internal/modules/cjs/loader.js:1149:27)
    at Object.Module._extensions..js (internal/modules/cjs/loader.js:1205:10)
    at Module.load (internal/modules/cjs/loader.js:1034:32)
    at Function.Module._load (internal/modules/cjs/loader.js:923:14)
    at C:\Users\lenovo\AppData\Roaming\npm\node_modules\pm2\lib\ProcessContainer.js:301:25
    at wrapper (C:\Users\lenovo\AppData\Roaming\npm\node_modules\pm2\node_modules\async\internal\once.js:12:16)
    at next (C:\Users\lenovo\AppData\Roaming\npm\node_modules\pm2\node_modules\async\waterfall.js:96:20)
    at C:\Users\lenovo\AppData\Roaming\npm\node_modules\pm2\node_modules\async\internal\onlyOnce.js:12:16
    at WriteStream.<anonymous> (C:\Users\lenovo\AppData\Roaming\npm\node_modules\pm2\lib\Utility.js:186:13)
D:\IT\WEBINTRO\NPM.CMD:1
:: Created by npm, please don't edit manually.
^

SyntaxError: Unexpected token ':'
    at wrapSafe (internal/modules/cjs/loader.js:1101:16)
    at Module._compile (internal/modules/cjs/loader.js:1149:27)
    at Object.Module._extensions..js (internal/modules/cjs/loader.js:1205:10)
    at Module.load (internal/modules/cjs/loader.js:1034:32)
    at Function.Module._load (internal/modules/cjs/loader.js:923:14)
    at C:\Users\lenovo\AppData\Roaming\npm\node_modules\pm2\lib\ProcessContainer.js:301:25
    at wrapper (C:\Users\lenovo\AppData\Roaming\npm\node_modules\pm2\node_modules\async\internal\once.js:12:16)
    at next (C:\Users\lenovo\AppData\Roaming\npm\node_modules\pm2\node_modules\async\waterfall.js:96:20)
    at C:\Users\lenovo\AppData\Roaming\npm\node_modules\pm2\node_modules\async\internal\onlyOnce.js:12:16
    at WriteStream.<anonymous> (C:\Users\lenovo\AppData\Roaming\npm\node_modules\pm2\lib\Utility.js:186:13)
D:\IT\WEBINTRO\NPM.CMD:1
:: Created by npm, please don't edit manually.
^

SyntaxError: Unexpected token ':'
    at wrapSafe (internal/modules/cjs/loader.js:1101:16)
    at Module._compile (internal/modules/cjs/loader.js:1149:27)
    at Object.Module._extensions..js (internal/modules/cjs/loader.js:1205:10)
    at Module.load (internal/modules/cjs/loader.js:1034:32)
    at Function.Module._load (internal/modules/cjs/loader.js:923:14)
    at C:\Users\lenovo\AppData\Roaming\npm\node_modules\pm2\lib\ProcessContainer.js:301:25
    at wrapper (C:\Users\lenovo\AppData\Roaming\npm\node_modules\pm2\node_modules\async\internal\once.js:12:16)
    at next (C:\Users\lenovo\AppData\Roaming\npm\node_modules\pm2\node_modules\async\waterfall.js:96:20)
    at C:\Users\lenovo\AppData\Roaming\npm\node_modules\pm2\node_modules\async\internal\onlyOnce.js:12:16
    at WriteStream.<anonymous> (C:\Users\lenovo\AppData\Roaming\npm\node_modules\pm2\lib\Utility.js:186:13)
D:\IT\WEBINTRO\NPM.CMD:1
:: Created by npm, please don't edit manually.
^

SyntaxError: Unexpected token ':'
    at wrapSafe (internal/modules/cjs/loader.js:1101:16)
    at Module._compile (internal/modules/cjs/loader.js:1149:27)
    at Object.Module._extensions..js (internal/modules/cjs/loader.js:1205:10)
    at Module.load (internal/modules/cjs/loader.js:1034:32)
    at Function.Module._load (internal/modules/cjs/loader.js:923:14)
    at C:\Users\lenovo\AppData\Roaming\npm\node_modules\pm2\lib\ProcessContainer.js:301:25
    at wrapper (C:\Users\lenovo\AppData\Roaming\npm\node_modules\pm2\node_modules\async\internal\once.js:12:16)
    at next (C:\Users\lenovo\AppData\Roaming\npm\node_modules\pm2\node_modules\async\waterfall.js:96:20)
    at C:\Users\lenovo\AppData\Roaming\npm\node_modules\pm2\node_modules\async\internal\onlyOnce.js:12:16
    at WriteStream.<anonymous> (C:\Users\lenovo\AppData\Roaming\npm\node_modules\pm2\lib\Utility.js:186:13)
D:\IT\WEBINTRO\NPM.CMD:1
:: Created by npm, please don't edit manually.
^

SyntaxError: Unexpected token ':'
    at wrapSafe (internal/modules/cjs/loader.js:1101:16)
    at Module._compile (internal/modules/cjs/loader.js:1149:27)
    at Object.Module._extensions..js (internal/modules/cjs/loader.js:1205:10)
    at Module.load (internal/modules/cjs/loader.js:1034:32)
    at Function.Module._load (internal/modules/cjs/loader.js:923:14)
    at C:\Users\lenovo\AppData\Roaming\npm\node_modules\pm2\lib\ProcessContainer.js:301:25
    at wrapper (C:\Users\lenovo\AppData\Roaming\npm\node_modules\pm2\node_modules\async\internal\once.js:12:16)
    at next (C:\Users\lenovo\AppData\Roaming\npm\node_modules\pm2\node_modules\async\waterfall.js:96:20)
    at C:\Users\lenovo\AppData\Roaming\npm\node_modules\pm2\node_modules\async\internal\onlyOnce.js:12:16
    at WriteStream.<anonymous> (C:\Users\lenovo\AppData\Roaming\npm\node_modules\pm2\lib\Utility.js:186:13)
D:\IT\WEBINTRO\NPM.CMD:1
:: Created by npm, please don't edit manually.
^

SyntaxError: Unexpected token ':'
    at wrapSafe (internal/modules/cjs/loader.js:1101:16)
    at Module._compile (internal/modules/cjs/loader.js:1149:27)
    at Object.Module._extensions..js (internal/modules/cjs/loader.js:1205:10)
    at Module.load (internal/modules/cjs/loader.js:1034:32)
    at Function.Module._load (internal/modules/cjs/loader.js:923:14)
    at C:\Users\lenovo\AppData\Roaming\npm\node_modules\pm2\lib\ProcessContainer.js:301:25
    at wrapper (C:\Users\lenovo\AppData\Roaming\npm\node_modules\pm2\node_modules\async\internal\once.js:12:16)
    at next (C:\Users\lenovo\AppData\Roaming\npm\node_modules\pm2\node_modules\async\waterfall.js:96:20)
    at C:\Users\lenovo\AppData\Roaming\npm\node_modules\pm2\node_modules\async\internal\onlyOnce.js:12:16
    at WriteStream.<anonymous> (C:\Users\lenovo\AppData\Roaming\npm\node_modules\pm2\lib\Utility.js:186:13)
D:\IT\WEBINTRO\NPM.CMD:1
:: Created by npm, please don't edit manually.
^

SyntaxError: Unexpected token ':'
    at wrapSafe (internal/modules/cjs/loader.js:1101:16)
    at Module._compile (internal/modules/cjs/loader.js:1149:27)
    at Object.Module._extensions..js (internal/modules/cjs/loader.js:1205:10)
    at Module.load (internal/modules/cjs/loader.js:1034:32)
    at Function.Module._load (internal/modules/cjs/loader.js:923:14)
    at C:\Users\lenovo\AppData\Roaming\npm\node_modules\pm2\lib\ProcessContainer.js:301:25
    at wrapper (C:\Users\lenovo\AppData\Roaming\npm\node_modules\pm2\node_modules\async\internal\once.js:12:16)
    at next (C:\Users\lenovo\AppData\Roaming\npm\node_modules\pm2\node_modules\async\waterfall.js:96:20)
    at C:\Users\lenovo\AppData\Roaming\npm\node_modules\pm2\node_modules\async\internal\onlyOnce.js:12:16
    at WriteStream.<anonymous> (C:\Users\lenovo\AppData\Roaming\npm\node_modules\pm2\lib\Utility.js:186:13)
D:\IT\WEBINTRO\NPM.CMD:1
:: Created by npm, please don't edit manually.
^

SyntaxError: Unexpected token ':'
    at wrapSafe (internal/modules/cjs/loader.js:1101:16)
    at Module._compile (internal/modules/cjs/loader.js:1149:27)
    at Object.Module._extensions..js (internal/modules/cjs/loader.js:1205:10)
    at Module.load (internal/modules/cjs/loader.js:1034:32)
    at Function.Module._load (internal/modules/cjs/loader.js:923:14)
    at C:\Users\lenovo\AppData\Roaming\npm\node_modules\pm2\lib\ProcessContainer.js:301:25
    at wrapper (C:\Users\lenovo\AppData\Roaming\npm\node_modules\pm2\node_modules\async\internal\once.js:12:16)
    at next (C:\Users\lenovo\AppData\Roaming\npm\node_modules\pm2\node_modules\async\waterfall.js:96:20)
    at C:\Users\lenovo\AppData\Roaming\npm\node_modules\pm2\node_modules\async\internal\onlyOnce.js:12:16
    at WriteStream.<anonymous> (C:\Users\lenovo\AppData\Roaming\npm\node_modules\pm2\lib\Utility.js:186:13)
D:\IT\WEBINTRO\NPM.CMD:1
:: Created by npm, please don't edit manually.
^

SyntaxError: Unexpected token ':'
    at wrapSafe (internal/modules/cjs/loader.js:1101:16)
    at Module._compile (internal/modules/cjs/loader.js:1149:27)
    at Object.Module._extensions..js (internal/modules/cjs/loader.js:1205:10)
    at Module.load (internal/modules/cjs/loader.js:1034:32)
    at Function.Module._load (internal/modules/cjs/loader.js:923:14)
    at C:\Users\lenovo\AppData\Roaming\npm\node_modules\pm2\lib\ProcessContainer.js:301:25
    at wrapper (C:\Users\lenovo\AppData\Roaming\npm\node_modules\pm2\node_modules\async\internal\once.js:12:16)
    at next (C:\Users\lenovo\AppData\Roaming\npm\node_modules\pm2\node_modules\async\waterfall.js:96:20)
    at C:\Users\lenovo\AppData\Roaming\npm\node_modules\pm2\node_modules\async\internal\onlyOnce.js:12:16
    at WriteStream.<anonymous> (C:\Users\lenovo\AppData\Roaming\npm\node_modules\pm2\lib\Utility.js:186:13)
D:\IT\WEBINTRO\NPM.CMD:1
:: Created by npm, please don't edit manually.
^

SyntaxError: Unexpected token ':'
    at wrapSafe (internal/modules/cjs/loader.js:1101:16)
    at Module._compile (internal/modules/cjs/loader.js:1149:27)
    at Object.Module._extensions..js (internal/modules/cjs/loader.js:1205:10)
    at Module.load (internal/modules/cjs/loader.js:1034:32)
    at Function.Module._load (internal/modules/cjs/loader.js:923:14)
    at C:\Users\lenovo\AppData\Roaming\npm\node_modules\pm2\lib\ProcessContainer.js:301:25
    at wrapper (C:\Users\lenovo\AppData\Roaming\npm\node_modules\pm2\node_modules\async\internal\once.js:12:16)
    at next (C:\Users\lenovo\AppData\Roaming\npm\node_modules\pm2\node_modules\async\waterfall.js:96:20)
    at C:\Users\lenovo\AppData\Roaming\npm\node_modules\pm2\node_modules\async\internal\onlyOnce.js:12:16
    at WriteStream.<anonymous> (C:\Users\lenovo\AppData\Roaming\npm\node_modules\pm2\lib\Utility.js:186:13)
D:\IT\WEBINTRO\NPM.CMD:1
:: Created by npm, please don't edit manually.
^

SyntaxError: Unexpected token ':'
    at wrapSafe (internal/modules/cjs/loader.js:1101:16)
    at Module._compile (internal/modules/cjs/loader.js:1149:27)
    at Object.Module._extensions..js (internal/modules/cjs/loader.js:1205:10)
    at Module.load (internal/modules/cjs/loader.js:1034:32)
    at Function.Module._load (internal/modules/cjs/loader.js:923:14)
    at C:\Users\lenovo\AppData\Roaming\npm\node_modules\pm2\lib\ProcessContainer.js:301:25
    at wrapper (C:\Users\lenovo\AppData\Roaming\npm\node_modules\pm2\node_modules\async\internal\once.js:12:16)
    at next (C:\Users\lenovo\AppData\Roaming\npm\node_modules\pm2\node_modules\async\waterfall.js:96:20)
    at C:\Users\lenovo\AppData\Roaming\npm\node_modules\pm2\node_modules\async\internal\onlyOnce.js:12:16
    at WriteStream.<anonymous> (C:\Users\lenovo\AppData\Roaming\npm\node_modules\pm2\lib\Utility.js:186:13)
D:\IT\WEBINTRO\NPM.CMD:1
:: Created by npm, please don't edit manually.
^

SyntaxError: Unexpected token ':'
    at wrapSafe (internal/modules/cjs/loader.js:1101:16)
    at Module._compile (internal/modules/cjs/loader.js:1149:27)
    at Object.Module._extensions..js (internal/modules/cjs/loader.js:1205:10)
    at Module.load (internal/modules/cjs/loader.js:1034:32)
    at Function.Module._load (internal/modules/cjs/loader.js:923:14)
    at C:\Users\lenovo\AppData\Roaming\npm\node_modules\pm2\lib\ProcessContainer.js:301:25
    at wrapper (C:\Users\lenovo\AppData\Roaming\npm\node_modules\pm2\node_modules\async\internal\once.js:12:16)
    at next (C:\Users\lenovo\AppData\Roaming\npm\node_modules\pm2\node_modules\async\waterfall.js:96:20)
    at C:\Users\lenovo\AppData\Roaming\npm\node_modules\pm2\node_modules\async\internal\onlyOnce.js:12:16
    at WriteStream.<anonymous> (C:\Users\lenovo\AppData\Roaming\npm\node_modules\pm2\lib\Utility.js:186:13)
D:\IT\WEBINTRO\NPM.CMD:1
:: Created by npm, please don't edit manually.
^

SyntaxError: Unexpected token ':'
    at wrapSafe (internal/modules/cjs/loader.js:1101:16)
    at Module._compile (internal/modules/cjs/loader.js:1149:27)
    at Object.Module._extensions..js (internal/modules/cjs/loader.js:1205:10)
    at Module.load (internal/modules/cjs/loader.js:1034:32)
    at Function.Module._load (internal/modules/cjs/loader.js:923:14)
    at C:\Users\lenovo\AppData\Roaming\npm\node_modules\pm2\lib\ProcessContainer.js:301:25
    at wrapper (C:\Users\lenovo\AppData\Roaming\npm\node_modules\pm2\node_modules\async\internal\once.js:12:16)
    at next (C:\Users\lenovo\AppData\Roaming\npm\node_modules\pm2\node_modules\async\waterfall.js:96:20)
    at C:\Users\lenovo\AppData\Roaming\npm\node_modules\pm2\node_modules\async\internal\onlyOnce.js:12:16
    at WriteStream.<anonymous> (C:\Users\lenovo\AppData\Roaming\npm\node_modules\pm2\lib\Utility.js:186:13)
D:\IT\WEBINTRO\NPM.CMD:1
:: Created by npm, please don't edit manually.
^

SyntaxError: Unexpected token ':'
    at wrapSafe (internal/modules/cjs/loader.js:1101:16)
    at Module._compile (internal/modules/cjs/loader.js:1149:27)
    at Object.Module._extensions..js (internal/modules/cjs/loader.js:1205:10)
    at Module.load (internal/modules/cjs/loader.js:1034:32)
    at Function.Module._load (internal/modules/cjs/loader.js:923:14)
    at C:\Users\lenovo\AppData\Roaming\npm\node_modules\pm2\lib\ProcessContainer.js:301:25
    at wrapper (C:\Users\lenovo\AppData\Roaming\npm\node_modules\pm2\node_modules\async\internal\once.js:12:16)
    at next (C:\Users\lenovo\AppData\Roaming\npm\node_modules\pm2\node_modules\async\waterfall.js:96:20)
    at C:\Users\lenovo\AppData\Roaming\npm\node_modules\pm2\node_modules\async\internal\onlyOnce.js:12:16
    at WriteStream.<anonymous> (C:\Users\lenovo\AppData\Roaming\npm\node_modules\pm2\lib\Utility.js:186:13)
D:\IT\WEBINTRO\NPM.CMD:1
:: Created by npm, please don't edit manually.
^

SyntaxError: Unexpected token ':'
    at wrapSafe (internal/modules/cjs/loader.js:1101:16)
    at Module._compile (internal/modules/cjs/loader.js:1149:27)
    at Object.Module._extensions..js (internal/modules/cjs/loader.js:1205:10)
    at Module.load (internal/modules/cjs/loader.js:1034:32)
    at Function.Module._load (internal/modules/cjs/loader.js:923:14)
    at C:\Users\lenovo\AppData\Roaming\npm\node_modules\pm2\lib\ProcessContainer.js:301:25
    at wrapper (C:\Users\lenovo\AppData\Roaming\npm\node_modules\pm2\node_modules\async\internal\once.js:12:16)
    at next (C:\Users\lenovo\AppData\Roaming\npm\node_modules\pm2\node_modules\async\waterfall.js:96:20)
    at C:\Users\lenovo\AppData\Roaming\npm\node_modules\pm2\node_modules\async\internal\onlyOnce.js:12:16
    at WriteStream.<anonymous> (C:\Users\lenovo\AppData\Roaming\npm\node_modules\pm2\lib\Utility.js:186:13)
D:\IT\WEBINTRO\NPM.CMD:1
:: Created by npm, please don't edit manually.
^

SyntaxError: Unexpected token ':'
    at wrapSafe (internal/modules/cjs/loader.js:1101:16)
    at Module._compile (internal/modules/cjs/loader.js:1149:27)
    at Object.Module._extensions..js (internal/modules/cjs/loader.js:1205:10)
    at Module.load (internal/modules/cjs/loader.js:1034:32)
    at Function.Module._load (internal/modules/cjs/loader.js:923:14)
    at C:\Users\lenovo\AppData\Roaming\npm\node_modules\pm2\lib\ProcessContainer.js:301:25
    at wrapper (C:\Users\lenovo\AppData\Roaming\npm\node_modules\pm2\node_modules\async\internal\once.js:12:16)
    at next (C:\Users\lenovo\AppData\Roaming\npm\node_modules\pm2\node_modules\async\waterfall.js:96:20)
    at C:\Users\lenovo\AppData\Roaming\npm\node_modules\pm2\node_modules\async\internal\onlyOnce.js:12:16
    at WriteStream.<anonymous> (C:\Users\lenovo\AppData\Roaming\npm\node_modules\pm2\lib\Utility.js:186:13)
D:\IT\WEBINTRO\NPM.CMD:1
:: Created by npm, please don't edit manually.
^

SyntaxError: Unexpected token ':'
    at wrapSafe (internal/modules/cjs/loader.js:1101:16)
    at Module._compile (internal/modules/cjs/loader.js:1149:27)
    at Object.Module._extensions..js (internal/modules/cjs/loader.js:1205:10)
    at Module.load (internal/modules/cjs/loader.js:1034:32)
    at Function.Module._load (internal/modules/cjs/loader.js:923:14)
    at C:\Users\lenovo\AppData\Roaming\npm\node_modules\pm2\lib\ProcessContainer.js:301:25
    at wrapper (C:\Users\lenovo\AppData\Roaming\npm\node_modules\pm2\node_modules\async\internal\once.js:12:16)
    at next (C:\Users\lenovo\AppData\Roaming\npm\node_modules\pm2\node_modules\async\waterfall.js:96:20)
    at C:\Users\lenovo\AppData\Roaming\npm\node_modules\pm2\node_modules\async\internal\onlyOnce.js:12:16
    at WriteStream.<anonymous> (C:\Users\lenovo\AppData\Roaming\npm\node_modules\pm2\lib\Utility.js:186:13)
D:\IT\WEBINTRO\NPM.CMD:1
:: Created by npm, please don't edit manually.
^

SyntaxError: Unexpected token ':'
    at wrapSafe (internal/modules/cjs/loader.js:1101:16)
    at Module._compile (internal/modules/cjs/loader.js:1149:27)
    at Object.Module._extensions..js (internal/modules/cjs/loader.js:1205:10)
    at Module.load (internal/modules/cjs/loader.js:1034:32)
    at Function.Module._load (internal/modules/cjs/loader.js:923:14)
    at C:\Users\lenovo\AppData\Roaming\npm\node_modules\pm2\lib\ProcessContainer.js:301:25
    at wrapper (C:\Users\lenovo\AppData\Roaming\npm\node_modules\pm2\node_modules\async\internal\once.js:12:16)
    at next (C:\Users\lenovo\AppData\Roaming\npm\node_modules\pm2\node_modules\async\waterfall.js:96:20)
    at C:\Users\lenovo\AppData\Roaming\npm\node_modules\pm2\node_modules\async\internal\onlyOnce.js:12:16
    at WriteStream.<anonymous> (C:\Users\lenovo\AppData\Roaming\npm\node_modules\pm2\lib\Utility.js:186:13)
D:\IT\WEBINTRO\NPM.CMD:1
:: Created by npm, please don't edit manually.
^

SyntaxError: Unexpected token ':'
    at wrapSafe (internal/modules/cjs/loader.js:1101:16)
    at Module._compile (internal/modules/cjs/loader.js:1149:27)
    at Object.Module._extensions..js (internal/modules/cjs/loader.js:1205:10)
    at Module.load (internal/modules/cjs/loader.js:1034:32)
    at Function.Module._load (internal/modules/cjs/loader.js:923:14)
    at C:\Users\lenovo\AppData\Roaming\npm\node_modules\pm2\lib\ProcessContainer.js:301:25
    at wrapper (C:\Users\lenovo\AppData\Roaming\npm\node_modules\pm2\node_modules\async\internal\once.js:12:16)
    at next (C:\Users\lenovo\AppData\Roaming\npm\node_modules\pm2\node_modules\async\waterfall.js:96:20)
    at C:\Users\lenovo\AppData\Roaming\npm\node_modules\pm2\node_modules\async\internal\onlyOnce.js:12:16
    at WriteStream.<anonymous> (C:\Users\lenovo\AppData\Roaming\npm\node_modules\pm2\lib\Utility.js:186:13)
